<?xml version="1.0" encoding="UTF-8"?>
<!-- Generated by org.testng.reporters.JUnitReportReporter -->
<testsuite hostname="NGHXLAPTOP17" failures="0" tests="4" name="com.sddevops.DevOpsProject.NewTest" time="1.068" errors="0" timestamp="25 Feb 2022 13:43:15 GMT">
  <testcase classname="com.sddevops.DevOpsProject.NewTest" name="Delete" time="0.078"/>
  <testcase classname="com.sddevops.DevOpsProject.NewTest" name="checkTitle" time="0.106"/>
  <testcase classname="com.sddevops.DevOpsProject.NewTest" name="Edit" time="0.334"/>
  <testcase classname="com.sddevops.DevOpsProject.NewTest" name="AddProfile" time="0.550"/>
</testsuite> <!-- com.sddevops.DevOpsProject.NewTest -->
